[00:05:10] [Server thread/WARN]: Fetching packet for removed entity awb['Air'/477117, l='world', x=-947.50, y=67.00, z=183.70]
[00:06:53] [Server thread/WARN]: Fetching packet for removed entity awb['Air'/477478, l='world', x=-945.25, y=67.00, z=183.91]
[00:18:05] [Server thread/WARN]: Fetching packet for removed entity awb['Air'/479402, l='world', x=-950.28, y=67.00, z=183.18]
[00:19:17] [Server thread/WARN]: Fetching packet for removed entity awb['Air'/479604, l='world', x=-951.17, y=67.00, z=183.57]
[00:22:49] [User Authenticator #105/INFO]: UUID of player KILLROYIII is 8224ac11-50ac-4d64-a4fe-f291e6ce8e17
[00:22:49] [Server thread/INFO]: KILLROYIII[/174.117.47.174:64524] logged in with entity id 480189 at (-936.4666391953409, 70.0, 134.96559772064478)
[00:22:49] [Server thread/INFO]: KILLROYIII joined the game
[00:23:17] [Server thread/WARN]: Fetching packet for removed entity awb['Air'/480311, l='world', x=-951.17, y=67.00, z=184.00]
[00:24:36] [Server thread/WARN]: Fetching packet for removed entity awb['Air'/480596, l='world', x=-950.28, y=67.00, z=186.17]
[00:24:36] [Server thread/WARN]: Fetching packet for removed entity awb['Air'/480596, l='world', x=-950.28, y=67.00, z=186.17]
[00:25:40] [Server thread/WARN]: Fetching packet for removed entity awb['Air'/480780, l='world', x=-950.86, y=67.00, z=184.96]
[00:25:56] [Server thread/WARN]: Fetching packet for removed entity awb['Air'/480834, l='world', x=-944.83, y=67.00, z=184.65]
[00:29:25] [User Authenticator #106/INFO]: UUID of player stealthGiraffe is 9b6c58c4-da38-458e-9f19-910cc27a5d21
[00:29:25] [Server thread/INFO]: stealthGiraffe[/192.168.1.4:57406] logged in with entity id 481862 at (-746.0908913442162, 92.0, -132.0280386603896)
[00:29:25] [Server thread/INFO]: stealthGiraffe joined the game
[00:29:33] [Server thread/INFO]: <stealthGiraffe> yo, who's online?
[00:29:57] [Server thread/WARN]: Fetching packet for removed entity awb['Air'/482303, l='world', x=-746.05, y=94.00, z=-171.17]
[00:30:13] [Server thread/INFO]: <KILLROYIII> ME
[00:30:21] [Server thread/INFO]: <KILLROYIII> SKURU GURU
[00:30:21] [Server thread/INFO]: <MCCreep> ME TOO
[00:30:45] [Server thread/INFO]: <KILLROYIII> Whats up than
[00:30:48] [Server thread/INFO]: <stealthGiraffe> not muhc
[00:30:52] [Server thread/INFO]: <KILLROYIII> need us off?
[00:30:55] [Server thread/INFO]: <stealthGiraffe> nah
[00:30:58] [Server thread/INFO]: <KILLROYIII> hehehe
[00:31:00] [Server thread/INFO]: <KILLROYIII> i plan war room
[00:31:03] [Server thread/INFO]: <stealthGiraffe> I'll run a back up later
[00:31:06] [Server thread/INFO]: <KILLROYIII> michael wont know what hit him
[00:31:11] [Server thread/WARN]: Fetching packet for removed entity awb['Air'/482698, l='world', x=-746.22, y=94.00, z=-169.83]
[00:31:19] [Server thread/INFO]: <stealthGiraffe> lmao
[00:31:29] [Server thread/INFO]: <MCCreep> luz war room...
[00:31:37] [Server thread/INFO]: <stealthGiraffe> the map room
[00:31:37] [Server thread/INFO]: <MCCreep> luv war room...
[00:31:40] [Server thread/INFO]: <stealthGiraffe> ohhh
[00:31:42] [Server thread/INFO]: <KILLROYIII> heil beardo
[00:31:45] [Server thread/INFO]: <KILLROYIII> i mean thanks beardo
[00:32:20] [Server thread/INFO]: <MCCreep> did'nt know you could do taht... fraims on floor.... maps in frames ... neet
[00:32:53] [Server thread/INFO]: <KILLROYIII> beardo do you have any more pies? :D
[00:32:53] [Server thread/WARN]: Fetching packet for removed entity awb['Air'/483214, l='world', x=-947.89, y=67.00, z=185.73]
[00:32:53] [Server thread/WARN]: Fetching packet for removed entity awb['Air'/483214, l='world', x=-947.89, y=67.00, z=185.73]
[00:33:26] [Server thread/INFO]: <MCCreep> 4 .. 64s... all yours
[00:33:35] [Server thread/INFO]: <KILLROYIII> i'll head over in the morn :)
[00:33:48] [Server thread/INFO]: <KILLROYIII> than what u workgin on
[00:33:50] [Server thread/INFO]: <stealthGiraffe> man I need ways to grind levels
[00:33:53] [Server thread/WARN]: Fetching packet for removed entity awb['Air'/483585, l='world', x=-950.61, y=67.00, z=186.17]
[00:33:56] [Server thread/INFO]: <stealthGiraffe> I haven't decided what to do next
[00:35:53] [Server thread/INFO]: KILLROYIII lost connection: Disconnected
[00:35:53] [Server thread/INFO]: KILLROYIII left the game
[00:35:55] [User Authenticator #107/INFO]: UUID of player KILLROYIII is 8224ac11-50ac-4d64-a4fe-f291e6ce8e17
[00:35:55] [Server thread/INFO]: KILLROYIII[/174.117.47.174:65008] logged in with entity id 484397 at (-854.14050052159, 71.0, 239.08669184325495)
[00:35:55] [Server thread/INFO]: KILLROYIII joined the game
[00:36:19] [Server thread/INFO]: <KILLROYIII> you can sleep :D
[00:36:22] [Server thread/INFO]: <stealthGiraffe> oh okay
[00:36:52] [Server thread/INFO]: <KILLROYIII> thanks :D
[00:36:54] [Server thread/INFO]: <KILLROYIII> brb
[00:36:55] [Server thread/INFO]: KILLROYIII lost connection: Disconnected
[00:36:55] [Server thread/INFO]: KILLROYIII left the game
[00:36:56] [Server thread/INFO]: <MCCreep> want all 4
[00:37:15] [Server thread/WARN]: Fetching packet for removed entity awb['Air'/484920, l='world', x=-945.35, y=67.00, z=182.74]
[00:37:18] [User Authenticator #108/INFO]: UUID of player KILLROYIII is 8224ac11-50ac-4d64-a4fe-f291e6ce8e17
[00:37:18] [Server thread/INFO]: KILLROYIII[/174.117.47.174:65062] logged in with entity id 484931 at (-897.5812699522065, 68.0, 220.11988979803763)
[00:37:18] [Server thread/INFO]: KILLROYIII joined the game
[00:40:25] [Server thread/WARN]: Fetching packet for removed entity awb['Air'/486132, l='world', x=-747.79, y=94.00, z=-172.88]
[00:40:41] [Server thread/INFO]: <KILLROYIII> what ideas do u have than
[00:40:52] [Server thread/WARN]: Fetching packet for removed entity awb['Air'/486266, l='world', x=-947.88, y=67.00, z=182.78]
[00:40:52] [Server thread/WARN]: Fetching packet for removed entity awb['Air'/486266, l='world', x=-947.88, y=67.00, z=182.78]
[00:43:16] [Server thread/INFO]: <KILLROYIII> Than
[00:43:20] [Server thread/INFO]: <stealthGiraffe> yo?
[00:43:23] [Server thread/INFO]: <KILLROYIII> we could build out the village?
[00:43:23] [Server thread/WARN]: Fetching packet for removed entity awb['Air'/487106, l='world', x=-744.40, y=94.00, z=-171.14]
[00:43:24] [Server thread/INFO]: <stealthGiraffe> ohh not sure yet
[00:43:27] [Server thread/INFO]: <stealthGiraffe> Kiara wants a pond sooo
[00:43:30] [Server thread/INFO]: <KILLROYIII> F
[00:43:35] [Server thread/INFO]: <KILLROYIII> That's your pond now fam
[00:43:36] [Server thread/INFO]: <KILLROYIII> LOL
[00:43:39] [Server thread/INFO]: <stealthGiraffe> LMAO
[00:43:45] [Server thread/INFO]: <stealthGiraffe> bruh it's her house now too
[00:43:50] [Server thread/INFO]: <KILLROYIII> F
[00:43:57] [Server thread/INFO]: <stealthGiraffe> she's like "My stuff's in your house now"
[00:44:29] [Server thread/INFO]: <KILLROYIII> LOL
[00:44:36] [Server thread/INFO]: <KILLROYIII> bro at least her wolves dont shit all over the house
[00:44:37] [Server thread/INFO]: <KILLROYIII> F
[00:45:07] [Server thread/WARN]: Fetching packet for removed entity awb['Air'/487979, l='world', x=-744.34, y=94.00, z=-171.90]
[00:45:21] [Server thread/WARN]: Fetching packet for removed entity awb['Air'/488036, l='world', x=-950.32, y=67.00, z=185.75]
[00:45:21] [Server thread/WARN]: Fetching packet for removed entity awb['Air'/488036, l='world', x=-950.32, y=67.00, z=185.75]
[00:48:44] [Server thread/INFO]: <stealthGiraffe> lmaooo
[00:49:26] [Server thread/INFO]: stealthGiraffe lost connection: Disconnected
[00:49:26] [Server thread/INFO]: stealthGiraffe left the game
[00:51:35] [Server thread/WARN]: Fetching packet for removed entity awb['Air'/490145, l='world', x=-948.51, y=67.00, z=182.32]
[00:51:35] [Server thread/WARN]: Fetching packet for removed entity awb['Air'/490145, l='world', x=-948.51, y=67.00, z=182.32]
[00:53:13] [Server thread/WARN]: Fetching packet for removed entity awb['Air'/490465, l='world', x=-949.92, y=67.00, z=186.17]
[00:53:13] [Server thread/WARN]: Fetching packet for removed entity awb['Air'/490465, l='world', x=-949.92, y=67.00, z=186.17]
[00:54:28] [Server thread/WARN]: Fetching packet for removed entity awb['Air'/490702, l='world', x=-947.59, y=67.00, z=183.46]
[00:54:28] [Server thread/WARN]: Fetching packet for removed entity awb['Air'/490702, l='world', x=-947.59, y=67.00, z=183.46]
[00:54:35] [User Authenticator #109/INFO]: UUID of player ThrockmortonXD is 19c25fe7-7be4-481f-8aea-d4abc210e969
[00:54:35] [Server thread/INFO]: ThrockmortonXD[/99.225.193.61:56093] logged in with entity id 490716 at (-1111.9797346960197, 74.0, -180.6010086043634)
[00:54:35] [Server thread/INFO]: ThrockmortonXD joined the game
[00:54:41] [Server thread/INFO]: <KILLROYIII> THROCKYYYYYYYYYYYYYYYYYYYYYYYYYYYYYYYYY
[00:54:44] [Server thread/INFO]: <ThrockmortonXD> HI
[00:54:56] [Server thread/INFO]: <MCCreep> hi
[00:55:02] [Server thread/WARN]: Fetching packet for removed entity awb['Air'/491008, l='world', x=-946.63, y=67.00, z=184.37]
[00:55:02] [Server thread/WARN]: Fetching packet for removed entity awb['Air'/491008, l='world', x=-946.63, y=67.00, z=184.37]
[00:57:51] [Server thread/WARN]: Fetching packet for removed entity awb['Air'/491853, l='world', x=-949.55, y=67.00, z=185.26]
[00:57:51] [Server thread/WARN]: Fetching packet for removed entity awb['Air'/491853, l='world', x=-949.55, y=67.00, z=185.26]
[00:57:54] [Server thread/WARN]: Fetching packet for removed entity awb['Air'/491868, l='world', x=-1123.62, y=70.00, z=-214.00]
[00:58:42] [Server thread/WARN]: Fast Michael moved wrongly!
[00:59:15] [Server thread/WARN]: ThrockmortonXD moved wrongly!
[01:00:32] [Server thread/WARN]: Fetching packet for removed entity awb['Air'/492953, l='world', x=-949.51, y=67.00, z=184.41]
[01:00:32] [Server thread/WARN]: Fetching packet for removed entity awb['Air'/492953, l='world', x=-949.51, y=67.00, z=184.41]
[01:02:34] [Server thread/WARN]: Fetching packet for removed entity awb['Air'/493596, l='world', x=-946.81, y=67.00, z=182.30]
[01:03:50] [Server thread/WARN]: Fetching packet for removed entity awb['Air'/494189, l='world', x=-1122.96, y=70.00, z=-215.48]
[01:06:00] [Server thread/INFO]: <KILLROYIII> that u doing here
[01:06:01] [Server thread/INFO]: <KILLROYIII> what
[01:06:08] [Server thread/INFO]: <KILLROYIII> were u going to grief heheh
[01:06:08] [Server thread/INFO]: <ThrockmortonXD> saying hi
[01:06:10] [Server thread/INFO]: <KILLROYIII> heheheh
[01:06:16] [Server thread/INFO]: <KILLROYIII> i make big peepee
[01:06:57] [Server thread/INFO]: <KILLROYIII> chris come
[01:07:19] [Server thread/INFO]: <KILLROYIII> hehehe
[01:07:22] [Server thread/INFO]: <ThrockmortonXD> hehehe
[01:07:26] [Server thread/INFO]: <KILLROYIII> coem to war rome
[01:07:45] [User Authenticator #110/INFO]: UUID of player stealthGiraffe is 9b6c58c4-da38-458e-9f19-910cc27a5d21
[01:07:45] [Server thread/INFO]: stealthGiraffe[/192.168.1.4:57616] logged in with entity id 495287 at (-733.0825475441962, 93.0, -165.5060459121594)
[01:07:45] [Server thread/INFO]: stealthGiraffe joined the game
[01:07:59] [Server thread/INFO]: <KILLROYIII> lighting nice?
[01:07:59] [Server thread/WARN]: Fetching packet for removed entity awb['Air'/495493, l='world', x=-745.97, y=94.00, z=-171.80]
[01:08:10] [Server thread/INFO]: <ThrockmortonXD> ouuuuuu
[01:08:13] [Server thread/INFO]: <ThrockmortonXD> yeaaa
[01:08:18] [Server thread/INFO]: <KILLROYIII> are the sky torches nice
[01:08:51] [Server thread/INFO]: <KILLROYIII> do you see yourself on map or no?
[01:08:57] [Server thread/INFO]: <KILLROYIII> i see a green dot here for me
[01:09:15] [Server thread/INFO]: <ThrockmortonXD> i dont
[01:09:17] [Server thread/INFO]: <KILLROYIII> F
[01:10:03] [Server thread/INFO]: <stealthGiraffe> sleep?
[01:10:07] [Server thread/INFO]: <MCCreep> sleeping
[01:10:11] [Server thread/INFO]: <stealthGiraffe> on my way
[01:10:13] [Server thread/INFO]: <KILLROYIII> sleep
[01:10:16] [Server thread/INFO]: <KILLROYIII> ing
[01:10:30] [Server thread/INFO]: <MCCreep> Hammer.. you in war room
[01:10:40] [Server thread/INFO]: <KILLROYIII> yes :D
[01:10:52] [Server thread/INFO]: <MCCreep> i come see....
[01:10:56] [Server thread/INFO]: <KILLROYIII> ok :D
[01:11:43] [Server thread/WARN]: Fetching packet for removed entity awb['Air'/496680, l='world', x=-945.84, y=67.00, z=184.40]
[01:11:43] [Server thread/WARN]: Fetching packet for removed entity awb['Air'/496680, l='world', x=-945.84, y=67.00, z=184.40]
[01:11:43] [Server thread/WARN]: Fetching packet for removed entity awb['Air'/496680, l='world', x=-945.84, y=67.00, z=184.40]
[01:11:48] [Server thread/INFO]: <MCCreep> wow
[01:12:03] [Server thread/INFO]: <MCCreep> you have to actually explor each section... ay
[01:12:07] [Server thread/INFO]: <KILLROYIII> maps a little dated for you pyramid heheh
[01:12:07] [Server thread/INFO]: <MCCreep> ya?
[01:12:15] [Server thread/INFO]: <KILLROYIII> yeah !
[01:12:28] [Server thread/INFO]: <MCCreep> your feet sore
[01:12:36] [Server thread/INFO]: <KILLROYIII> hahah my horse's feet maybe
[01:12:44] [Server thread/INFO]: <KILLROYIII> fat bastard cant swim
[01:12:51] [Server thread/INFO]: <KILLROYIII> the horse not me lol
[01:13:20] [Server thread/INFO]: <KILLROYIII> going to the this row here next
[01:13:46] [Server thread/INFO]: <MCCreep> hammer,, you see swamp...
[01:13:50] [Server thread/INFO]: <KILLROYIII> no swamp
[01:13:59] [Server thread/INFO]: <KILLROYIII> this seed is literally just desert and ocean lol
[01:14:02] [Server thread/INFO]: <MCCreep> really... in all this map.. no swamp
[01:16:17] [Server thread/INFO]: <MCCreep> Hammer.. you need something
[01:16:19] [Server thread/INFO]: <KILLROYIII> sixteen maps :D
[01:16:25] [Server thread/INFO]: <KILLROYIII> all good my dude thanks!
[01:16:42] [Server thread/INFO]: <MCCreep> good job.... I go home now..
[01:16:48] [Server thread/INFO]: <KILLROYIII> stay safe ;)
[01:16:53] [Server thread/INFO]: <KILLROYIII> dont forget face mask
[01:16:54] [Server thread/INFO]: <KILLROYIII> lol
[01:17:12] [Server thread/WARN]: Horse moved wrongly!
[01:18:13] [Server thread/WARN]: Fetching packet for removed entity awb['Air'/499413, l='world', x=-746.98, y=94.00, z=-172.03]
[01:19:16] [Server thread/WARN]: Fetching packet for removed entity awb['Air'/499948, l='world', x=-950.68, y=67.00, z=182.74]
[01:19:34] [Server thread/WARN]: Fetching packet for removed entity awb['Air'/500106, l='world', x=-748.73, y=94.00, z=-169.83]
[01:21:20] [Server thread/WARN]: Fetching packet for removed entity awb['Air'/501682, l='world', x=-946.12, y=67.00, z=185.40]
[01:21:27] [Server thread/INFO]: <KILLROYIII> fellas can we sleep im mapping :D
[01:21:31] [Server thread/INFO]: <stealthGiraffe> ye
[01:21:34] [Server thread/INFO]: <KILLROYIII> i dc
[01:21:35] [Server thread/INFO]: KILLROYIII lost connection: Disconnected
[01:21:35] [Server thread/INFO]: KILLROYIII left the game
[01:21:40] [Server thread/INFO]: stealthGiraffe lost connection: Disconnected
[01:21:40] [Server thread/INFO]: stealthGiraffe left the game
[01:21:42] [Server thread/INFO]: <MCCreep> sleeping
[01:21:46] [User Authenticator #111/INFO]: UUID of player stealthGiraffe is 9b6c58c4-da38-458e-9f19-910cc27a5d21
[01:21:46] [Server thread/INFO]: stealthGiraffe[/192.168.1.4:57644] logged in with entity id 501879 at (-700.2159588451176, 86.0, -143.84878832200823)
[01:21:46] [Server thread/INFO]: stealthGiraffe joined the game
[01:21:49] [Server thread/INFO]: ThrockmortonXD lost connection: Disconnected
[01:21:49] [Server thread/INFO]: ThrockmortonXD left the game
[01:22:28] [User Authenticator #112/INFO]: UUID of player KILLROYIII is 8224ac11-50ac-4d64-a4fe-f291e6ce8e17
[01:22:28] [Server thread/INFO]: KILLROYIII[/174.117.47.174:50441] logged in with entity id 502483 at (-641.6085606959856, 88.8500000178814, -513.5992961652821)
[01:22:28] [Server thread/INFO]: KILLROYIII joined the game
[01:22:30] [Server thread/INFO]: <KILLROYIII> ty
[01:23:06] [Server thread/WARN]: Fetching packet for removed entity awb['Air'/503108, l='world', x=-747.67, y=94.00, z=-172.49]
[01:25:50] [Server thread/WARN]: Fetching packet for removed entity awb['Air'/504804, l='world', x=-747.20, y=94.00, z=-174.59]
[01:26:45] [Server thread/WARN]: Horse moved wrongly!
[01:30:12] [Server thread/WARN]: Fetching packet for removed entity awb['Air'/507076, l='world', x=-745.10, y=94.00, z=-171.71]
[01:30:32] [Server thread/INFO]: <KILLROYIII> thanks for the bridge :D
[01:32:04] [Server thread/WARN]: Fetching packet for removed entity awb['Air'/507806, l='world', x=-949.83, y=67.00, z=185.29]
[01:32:04] [Server thread/WARN]: Fetching packet for removed entity awb['Air'/507806, l='world', x=-949.83, y=67.00, z=185.29]
[01:32:30] [Server thread/WARN]: Fetching packet for removed entity awb['Air'/507941, l='world', x=-745.22, y=94.00, z=-172.65]
[01:32:33] [Server thread/WARN]: Fetching packet for removed entity awb['Air'/507955, l='world', x=-948.84, y=67.00, z=185.74]
[01:32:33] [Server thread/WARN]: Fetching packet for removed entity awb['Air'/507955, l='world', x=-948.84, y=67.00, z=185.74]
[01:32:41] [Server thread/WARN]: Fetching packet for removed entity awb['Air'/507998, l='world', x=-946.12, y=67.00, z=185.72]
[01:32:41] [Server thread/WARN]: Fetching packet for removed entity awb['Air'/507998, l='world', x=-946.12, y=67.00, z=185.72]
[01:33:12] [Server thread/INFO]: <KILLROYIII> new row :)
[01:33:19] [Server thread/INFO]: <KILLROYIII> literally all desert :(
[01:33:23] [Server thread/INFO]: <stealthGiraffe> LMAO
[01:34:14] [Server thread/INFO]: <KILLROYIII> beardo do u have any extra lead?
[01:34:18] [Server thread/INFO]: <KILLROYIII> leads*
[01:34:21] [Server thread/INFO]: <MCCreep> yes
[01:34:32] [Server thread/INFO]: <KILLROYIII> omw
[01:34:51] [Server thread/WARN]: Fetching packet for removed entity awb['Air'/508685, l='world', x=-949.78, y=67.00, z=183.48]
[01:34:51] [Server thread/WARN]: Fetching packet for removed entity awb['Air'/508685, l='world', x=-949.78, y=67.00, z=183.48]
[01:35:05] [Server thread/INFO]: <KILLROYIII> thanks :D
[01:35:50] [Server thread/WARN]: Fetching packet for removed entity awb['Air'/508990, l='world', x=-945.78, y=67.00, z=183.51]
[01:35:50] [Server thread/WARN]: Fetching packet for removed entity awb['Air'/508990, l='world', x=-945.78, y=67.00, z=183.51]
[01:36:36] [Server thread/WARN]: Fetching packet for removed entity awb['Air'/509247, l='world', x=-747.17, y=94.00, z=-173.56]
[01:37:09] [Server thread/INFO]: KILLROYIII fell from a high place
[01:37:12] [Server thread/INFO]: <KILLROYIII> F
[01:37:26] [Server thread/INFO]: <MCCreep> f
[01:37:30] [Server thread/INFO]: <KILLROYIII> lol
[01:37:38] [Server thread/WARN]: Fetching packet for removed entity awb['Air'/509608, l='world', x=-746.78, y=94.00, z=-175.17]
[01:39:13] [Server thread/WARN]: Fetching packet for removed entity awb['Air'/510215, l='world', x=-947.02, y=67.00, z=183.97]
[01:39:13] [Server thread/WARN]: Fetching packet for removed entity awb['Air'/510215, l='world', x=-947.02, y=67.00, z=183.97]
[01:42:10] [Server thread/WARN]: Fetching packet for removed entity awb['Air'/511282, l='world', x=-747.37, y=94.00, z=-173.56]
[01:42:57] [Server thread/WARN]: Fetching packet for removed entity awb['Stone'/511581, l='world', x=-960.62, y=14.00, z=179.88]
[01:45:16] [Server thread/WARN]: Fetching packet for removed entity awb['Air'/512424, l='world', x=-949.78, y=67.00, z=185.76]
[01:45:16] [Server thread/WARN]: Fetching packet for removed entity awb['Air'/512424, l='world', x=-949.78, y=67.00, z=185.76]
[01:46:38] [User Authenticator #113/INFO]: UUID of player ThrockmortonXD is 19c25fe7-7be4-481f-8aea-d4abc210e969
[01:46:38] [Server thread/INFO]: ThrockmortonXD[/99.225.193.61:56953] logged in with entity id 512894 at (-1111.700000025332, 74.0000002, -181.70000002533197)
[01:46:38] [Server thread/INFO]: ThrockmortonXD joined the game
[01:47:43] [Server thread/WARN]: Fetching packet for removed entity awb['Air'/513583, l='world', x=-947.29, y=67.00, z=183.81]
[01:47:43] [Server thread/WARN]: Fetching packet for removed entity awb['Air'/513583, l='world', x=-947.29, y=67.00, z=183.81]
[01:49:56] [Server thread/WARN]: Fetching packet for removed entity awb['Coal Ore'/513168, l='world', x=-952.88, y=14.00, z=189.06]
[01:50:30] [Server thread/WARN]: Fetching packet for removed entity awb['Air'/515034, l='world', x=-948.79, y=67.00, z=181.83]
[01:50:30] [Server thread/WARN]: Fetching packet for removed entity awb['Air'/515034, l='world', x=-948.79, y=67.00, z=181.83]
[01:51:03] [Server thread/WARN]: Fetching packet for removed entity awb['Stone'/515310, l='world', x=-938.13, y=13.00, z=188.88]
[01:52:05] [Server thread/WARN]: Fetching packet for removed entity awb['Air'/515794, l='world', x=-947.98, y=67.00, z=184.44]
[01:53:49] [Server thread/WARN]: Fetching packet for removed entity awb['Air'/516636, l='world', x=-748.44, y=94.00, z=-174.22]
[01:58:34] [Server thread/INFO]: KILLROYIII lost connection: Disconnected
[01:58:34] [Server thread/INFO]: KILLROYIII left the game
[01:58:36] [User Authenticator #114/INFO]: UUID of player KILLROYIII is 8224ac11-50ac-4d64-a4fe-f291e6ce8e17
[01:58:36] [Server thread/INFO]: KILLROYIII[/174.117.47.174:51798] logged in with entity id 519085 at (-932.7265973300678, 81.0, 154.29831942098457)
[01:58:36] [Server thread/INFO]: KILLROYIII joined the game
[02:00:39] [Server thread/INFO]: <MCCreep> if need to sleep... I'm sleepn
[02:00:49] [Server thread/INFO]: <KILLROYIII> sure
[02:00:49] [Server thread/INFO]: <stealthGiraffe> I think we're okay for tonight
[02:00:54] [Server thread/INFO]: <stealthGiraffe> ah okay ill DC
[02:00:54] [Server thread/INFO]: <MCCreep> k
[02:00:54] [Server thread/WARN]: Fetching packet for removed entity awb['Air'/520321, l='world', x=-985.11, y=88.00, z=124.89]
[02:00:55] [Server thread/INFO]: stealthGiraffe lost connection: Disconnected
[02:00:55] [Server thread/INFO]: stealthGiraffe left the game
[02:01:01] [Server thread/INFO]: <KILLROYIII> CHRIB SLEEP
[02:01:05] [Server thread/INFO]: ThrockmortonXD lost connection: Disconnected
[02:01:05] [Server thread/INFO]: ThrockmortonXD left the game
[02:01:10] [User Authenticator #115/INFO]: UUID of player ThrockmortonXD is 19c25fe7-7be4-481f-8aea-d4abc210e969
[02:01:10] [Server thread/INFO]: ThrockmortonXD[/99.225.193.61:61688] logged in with entity id 520418 at (-1109.6673965663051, 69.0, -181.10493069566073)
[02:01:10] [Server thread/INFO]: ThrockmortonXD joined the game
[02:01:20] [User Authenticator #116/INFO]: UUID of player stealthGiraffe is 9b6c58c4-da38-458e-9f19-910cc27a5d21
[02:01:20] [Server thread/INFO]: stealthGiraffe[/192.168.1.4:57708] logged in with entity id 520670 at (-710.6999999880791, 90.5, -131.22390787905138)
[02:01:20] [Server thread/INFO]: stealthGiraffe joined the game
[02:02:02] [Server thread/WARN]: Fetching packet for removed entity awb['Air'/521264, l='world', x=-944.83, y=67.00, z=184.80]
[02:02:27] [Server thread/WARN]: Fetching packet for removed entity awb['Air'/521400, l='world', x=-745.75, y=94.00, z=-170.27]
[02:04:00] [Server thread/WARN]: Fetching packet for removed entity awb['Air'/521970, l='world', x=-748.61, y=94.00, z=-170.92]
[02:04:00] [Server thread/WARN]: Fetching packet for removed entity awb['Air'/521970, l='world', x=-748.61, y=94.00, z=-170.92]
[02:05:19] [Server thread/WARN]: Fetching packet for removed entity awb['Air'/522365, l='world', x=-744.91, y=94.00, z=-172.81]
[02:05:19] [Server thread/WARN]: Fetching packet for removed entity awb['Air'/522365, l='world', x=-744.91, y=94.00, z=-172.81]
[02:06:35] [Server thread/WARN]: Fetching packet for removed entity awb['Air'/522793, l='world', x=-747.42, y=94.00, z=-171.95]
[02:06:54] [Server thread/WARN]: Fast Michael moved wrongly!
[02:06:54] [Server thread/WARN]: Fast Michael moved wrongly!
[02:10:12] [Server thread/WARN]: Horse moved wrongly!
[02:10:15] [Server thread/WARN]: Horse moved wrongly!
[02:10:23] [Server thread/INFO]: <KILLROYIII> THAn
[02:10:25] [Server thread/INFO]: <stealthGiraffe> yus
[02:10:35] [Server thread/INFO]: <KILLROYIII> I BORROW IRON?
[02:10:40] [Server thread/INFO]: <stealthGiraffe> sure
[02:10:45] [Server thread/INFO]: <KILLROYIII> thank
[02:12:37] [Server thread/INFO]: <KILLROYIII> THANK
[02:13:09] [Server thread/WARN]: Fetching packet for removed entity awb['Air'/526110, l='world', x=-950.25, y=67.00, z=185.31]
[02:13:15] [Server thread/WARN]: Fetching packet for removed entity awb['Air'/526197, l='world', x=-948.02, y=67.00, z=184.25]
[02:14:13] [Server thread/WARN]: Fetching packet for removed entity awb['Air'/526866, l='world', x=-746.54, y=94.00, z=-173.09]
[02:14:16] [Server thread/WARN]: Fetching packet for removed entity awb['Air'/526882, l='world', x=-947.09, y=67.00, z=185.30]
[02:14:16] [Server thread/WARN]: Fetching packet for removed entity awb['Air'/526882, l='world', x=-947.09, y=67.00, z=185.30]
[02:14:20] [Server thread/WARN]: Fetching packet for removed entity awb['Air'/526911, l='world', x=-951.17, y=67.00, z=185.73]
[02:14:20] [Server thread/WARN]: Fetching packet for removed entity awb['Air'/526911, l='world', x=-951.17, y=67.00, z=185.73]
[02:14:20] [Server thread/WARN]: Fetching packet for removed entity awb['Air'/526913, l='world', x=-748.76, y=94.00, z=-171.90]
[02:14:29] [Server thread/INFO]: <KILLROYIII> ;D|
[02:17:02] [Server thread/INFO]: stealthGiraffe lost connection: Disconnected
[02:17:02] [Server thread/INFO]: stealthGiraffe left the game
[02:17:16] [Server thread/INFO]: ThrockmortonXD lost connection: Disconnected
[02:17:16] [Server thread/INFO]: ThrockmortonXD left the game
